d &inputSignal_f32_1kHz_15kHz[0] &inputSignal_f32_1kHz_15kHz[321] 
__^
*** error 41: incompatible operand type
0x200004C4  00 00 00 00 D9 AB 17 3F - 15 04 C2 BD 15 EF 43 3E .......?......C>
0x200004D4  00 00 80 3F 09 B8 D5 3E - F3 04 B5 3E 72 AD A0 3F ...?...>...>r..?
0x200004E4  D7 B3 5D 3F 5E 83 EC 3E - B2 E4 A8 3F 8D 65 97 3F ..]?^..>...?.e.?
0x200004F4  00 00 00 3F 8D 65 97 3F - B2 E4 A8 3F 5E 83 EC 3E ...?.e.?...?^..>
0x20000504  D7 B3 5D 3F 72 AD A0 3F - F3 04 B5 3E 09 B8 D5 3E ..]?r..?...>...>
0x20000514  00 00 80 3F 15 EF 43 3E - 15 04 C2 BD D9 AB 17 3F ...?..C>.......?
0x20000524  00 00 00 80 D9 AB 17 BF - 15 04 C2 3D 15 EF 43 BE ...........=..C.
0x20000534  00 00 80 BF 09 B8 D5 BE - F3 04 B5 BE 72 AD A0 BF ............r...
0x20000544  D7 B3 5D BF 5E 83 EC BE - B2 E4 A8 BF 8D 65 97 BF ..].^........e..
0x20000554  00 00 00 BF 8D 65 97 BF - B2 E4 A8 BF 5E 83 EC BE .....e......^...
0x20000564  D7 B3 5D BF 72 AD A0 BF - F3 04 B5 BE 09 B8 D5 BE ..].r...........
0x20000574  00 00 80 BF 15 EF 43 BE - 15 04 C2 3D D9 AB 17 BF ......C....=....
0x20000584  00 00 00 00 D9 AB 17 3F - 15 04 C2 BD 15 EF 43 3E .......?......C>
0x20000594  00 00 80 3F 09 B8 D5 3E - F3 04 B5 3E 72 AD A0 3F ...?...>...>r..?
0x200005A4  D7 B3 5D 3F 5E 83 EC 3E - B2 E4 A8 3F 8D 65 97 3F ..]?^..>...?.e.?
0x200005B4  00 00 00 3F 8D 65 97 3F - B2 E4 A8 3F 5E 83 EC 3E ...?.e.?...?^..>
0x200005C4  D7 B3 5D 3F 72 AD A0 3F - F3 04 B5 3E 09 B8 D5 3E ..]?r..?...>...>
0x200005D4  00 00 80 3F 15 EF 43 3E - 15 04 C2 BD D9 AB 17 3F ...?..C>.......?
0x200005E4  00 00 00 00 D9 AB 17 BF - 15 04 C2 3D 15 EF 43 BE ...........=..C.
0x200005F4  00 00 80 BF 09 B8 D5 BE - F3 04 B5 BE 72 AD A0 BF ............r...
0x20000604  D7 B3 5D BF 5E 83 EC BE - B2 E4 A8 BF 8D 65 97 BF ..].^........e..
0x20000614  00 00 00 BF 8D 65 97 BF - B2 E4 A8 BF 5E 83 EC BE .....e......^...
0x20000624  D7 B3 5D BF 72 AD A0 BF - F3 04 B5 BE 09 B8 D5 BE ..].r...........
0x20000634  00 00 80 BF 15 EF 43 BE - 15 04 C2 3D D9 AB 17 BF ......C....=....
0x20000644  00 00 00 00 D9 AB 17 3F - 15 04 C2 BD 15 EF 43 3E .......?......C>
0x20000654  00 00 80 3F 09 B8 D5 3E - F3 04 B5 3E 72 AD A0 3F ...?...>...>r..?
0x20000664  D7 B3 5D 3F 5E 83 EC 3E - B2 E4 A8 3F 8D 65 97 3F ..]?^..>...?.e.?
0x20000674  00 00 00 3F 8D 65 97 3F - B2 E4 A8 3F 5E 83 EC 3E ...?.e.?...?^..>
0x20000684  D7 B3 5D 3F 72 AD A0 3F - F3 04 B5 3E 09 B8 D5 3E ..]?r..?...>...>
0x20000694  00 00 80 3F 15 EF 43 3E - 15 04 C2 BD D9 AB 17 3F ...?..C>.......?
0x200006A4  00 00 00 00 D9 AB 17 BF - 15 04 C2 3D 15 EF 43 BE ...........=..C.
0x200006B4  00 00 80 BF 09 B8 D5 BE - F3 04 B5 BE 72 AD A0 BF ............r...
0x200006C4  D7 B3 5D BF 5E 83 EC BE - B2 E4 A8 BF 8D 65 97 BF ..].^........e..
0x200006D4  00 00 00 BF 8D 65 97 BF - B2 E4 A8 BF 5E 83 EC BE .....e......^...
0x200006E4  D7 B3 5D BF 72 AD A0 BF - F3 04 B5 BE 09 B8 D5 BE ..].r...........
0x200006F4  00 00 80 BF 15 EF 43 BE - 15 04 C2 3D D9 AB 17 BF ......C....=....
0x20000704  00 00 00 80 D9 AB 17 3F - 15 04 C2 BD 15 EF 43 3E .......?......C>
0x20000714  00 00 80 3F 09 B8 D5 3E - F3 04 B5 3E 72 AD A0 3F ...?...>...>r..?
0x20000724  D7 B3 5D 3F 5E 83 EC 3E - B2 E4 A8 3F 8D 65 97 3F ..]?^..>...?.e.?
0x20000734  00 00 00 3F 8D 65 97 3F - B2 E4 A8 3F 5E 83 EC 3E ...?.e.?...?^..>
0x20000744  D7 B3 5D 3F 72 AD A0 3F - F3 04 B5 3E 09 B8 D5 3E ..]?r..?...>...>
0x20000754  00 00 80 3F 15 EF 43 3E - 15 04 C2 BD D9 AB 17 3F ...?..C>.......?
0x20000764  00 00 00 80 D9 AB 17 BF - 15 04 C2 3D 15 EF 43 BE ...........=..C.
0x20000774  00 00 80 BF 09 B8 D5 BE - F3 04 B5 BE 72 AD A0 BF ............r...
0x20000784  D7 B3 5D BF 5E 83 EC BE - B2 E4 A8 BF 8D 65 97 BF ..].^........e..
0x20000794  00 00 00 BF 8D 65 97 BF - B2 E4 A8 BF 5E 83 EC BE .....e......^...
0x200007A4  D7 B3 5D BF 72 AD A0 BF - F3 04 B5 BE 09 B8 D5 BE ..].r...........
0x200007B4  00 00 80 BF 15 EF 43 BE - 15 04 C2 3D D9 AB 17 BF ......C....=....
0x200007C4  00 00 00 00 D9 AB 17 3F - 15 04 C2 BD 15 EF 43 3E .......?......C>
0x200007D4  00 00 80 3F 09 B8 D5 3E - F3 04 B5 3E 72 AD A0 3F ...?...>...>r..?
0x200007E4  D7 B3 5D 3F 5E 83 EC 3E - B2 E4 A8 3F 8D 65 97 3F ..]?^..>...?.e.?
0x200007F4  00 00 00 3F 8D 65 97 3F - B2 E4 A8 3F 5E 83 EC 3E ...?.e.?...?^..>
0x20000804  D7 B3 5D 3F 72 AD A0 3F - F3 04 B5 3E 09 B8 D5 3E ..]?r..?...>...>
0x20000814  00 00 80 3F 15 EF 43 3E - 15 04 C2 BD D9 AB 17 3F ...?..C>.......?
0x20000824  00 00 00 00 D9 AB 17 BF - 15 04 C2 3D 15 EF 43 BE ...........=..C.
0x20000834  00 00 80 BF 09 B8 D5 BE - F3 04 B5 BE 72 AD A0 BF ............r...
0x20000844  D7 B3 5D BF 5E 83 EC BE - B2 E4 A8 BF 8D 65 97 BF ..].^........e..
0x20000854  00 00 00 BF 8D 65 97 BF - B2 E4 A8 BF 5E 83 EC BE .....e......^...
0x20000864  D7 B3 5D BF 72 AD A0 BF - F3 04 B5 BE 09 B8 D5 BE ..].r...........
0x20000874  00 00 80 BF 15 EF 43 BE - 15 04 C2 3D D9 AB 17 BF ......C....=....
0x20000884  00 00 00 80 D9 AB 17 3F - 15 04 C2 BD 15 EF 43 3E .......?......C>
0x20000894  00 00 80 3F 09 B8 D5 3E - F3 04 B5 3E 72 AD A0 3F ...?...>...>r..?
0x200008A4  D7 B3 5D 3F 5E 83 EC 3E - B2 E4 A8 3F 8D 65 97 3F ..]?^..>...?.e.?
0x200008B4  00 00 00 3F 8D 65 97 3F - B2 E4 A8 3F 5E 83 EC 3E ...?.e.?...?^..>
0x200008C4  D7 B3 5D 3F 72 AD A0 3F - F3 04 B5 3E 09 B8 D5 3E ..]?r..?...>...>
0x200008D4  00 00 80 3F 15 EF 43 3E - 15 04 C2 BD D9 AB 17 3F ...?..C>.......?
0x200008E4  00 00 00 00 D9 AB 17 BF - 15 04 C2 3D 15 EF 43 BE ...........=..C.
0x200008F4  00 00 80 BF 09 B8 D5 BE - F3 04 B5 BE 72 AD A0 BF ............r...
0x20000904  D7 B3 5D BF 5E 83 EC BE - B2 E4 A8 BF 8D 65 97 BF ..].^........e..
0x20000914  00 00 00 BF 8D 65 97 BF - B2 E4 A8 BF 5E 83 EC BE .....e......^...
0x20000924  D7 B3 5D BF 72 AD A0 BF - F3 04 B5 BE 09 B8 D5 BE ..].r...........
0x20000934  00 00 80 BF 15 EF 43 BE - 15 04 C2 3D D9 AB 17 BF ......C....=....
0x20000944  00 00 00 80 D9 AB 17 3F - 15 04 C2 BD 15 EF 43 3E .......?......C>
0x20000954  00 00 80 3F 09 B8 D5 3E - F3 04 B5 3E 72 AD A0 3F ...?...>...>r..?
0x20000964  D7 B3 5D 3F 5E 83 EC 3E - B2 E4 A8 3F 8D 65 97 3F ..]?^..>...?.e.?
0x20000974  00 00 00 3F 8D 65 97 3F - B2 E4 A8 3F 5E 83 EC 3E ...?.e.?...?^..>
0x20000984  D7 B3 5D 3F 72 AD A0 3F - F3 04 B5 3E 09 B8 D5 3E ..]?r..?...>...>
0x20000994  00 00 80 3F 15 EF 43 3E - 15 04 C2 BD D9 AB 17 3F ...?..C>.......?
0x200009A4  00 00 00 00 D9 AB 17 BF - 15 04 C2 3D 15 EF 43 BE ...........=..C.
0x200009B4  00 00 80 BF 09 B8 D5 BE - F3 04 B5 BE 72 AD A0 BF ............r...
0x200009C4  00 00 00 00 DB                                    .....           
