0x200004CC  00 00 00 00 D9 AB 17 3F - 15 04 C2 BD 15 EF 43 3E .......?......C>
0x200004DC  00 00 80 3F 09 B8 D5 3E - F3 04 B5 3E 72 AD A0 3F ...?...>...>r..?
0x200004EC  D7 B3 5D 3F 5E 83 EC 3E - B2 E4 A8 3F 8D 65 97 3F ..]?^..>...?.e.?
0x200004FC  00 00 00 3F 8D 65 97 3F - B2 E4 A8 3F 5E 83 EC 3E ...?.e.?...?^..>
0x2000050C  D7 B3 5D 3F 72 AD A0 3F - F3 04 B5 3E 09 B8 D5 3E ..]?r..?...>...>
0x2000051C  00 00 80 3F 15 EF 43 3E - 15 04 C2 BD D9 AB 17 3F ...?..C>.......?
0x2000052C  00 00 00 80 D9 AB 17 BF - 15 04 C2 3D 15 EF 43 BE ...........=..C.
0x2000053C  00 00 80 BF 09 B8 D5 BE - F3 04 B5 BE 72 AD A0 BF ............r...
0x2000054C  D7 B3 5D BF 5E 83 EC BE - B2 E4 A8 BF 8D 65 97 BF ..].^........e..
0x2000055C  00 00 00 BF 8D 65 97 BF - B2 E4 A8 BF 5E 83 EC BE .....e......^...
0x2000056C  D7 B3 5D BF 72 AD A0 BF - F3 04 B5 BE 09 B8 D5 BE ..].r...........
0x2000057C  00 00 80 BF 15 EF 43 BE - 15 04 C2 3D D9 AB 17 BF ......C....=....
0x2000058C  00 00 00 00 D9 AB 17 3F - 15 04 C2 BD 15 EF 43 3E .......?......C>
0x2000059C  00 00 80 3F 09 B8 D5 3E - F3 04 B5 3E 72 AD A0 3F ...?...>...>r..?
0x200005AC  D7 B3 5D 3F 5E 83 EC 3E - B2 E4 A8 3F 8D 65 97 3F ..]?^..>...?.e.?
0x200005BC  00 00 00 3F 8D 65 97 3F - B2 E4 A8 3F 5E 83 EC 3E ...?.e.?...?^..>
0x200005CC  D7 B3 5D 3F 72 AD A0 3F - F3 04 B5 3E 09 B8 D5 3E ..]?r..?...>...>
0x200005DC  00 00 80 3F 15 EF 43 3E - 15 04 C2 BD D9 AB 17 3F ...?..C>.......?
0x200005EC  00 00 00 00 D9 AB 17 BF - 15 04 C2 3D 15 EF 43 BE ...........=..C.
0x200005FC  00 00 80 BF 09 B8 D5 BE - F3 04 B5 BE 72 AD A0 BF ............r...
0x2000060C  D7 B3 5D BF 5E 83 EC BE - B2 E4 A8 BF 8D 65 97 BF ..].^........e..
0x2000061C  00 00 00 BF 8D 65 97 BF - B2 E4 A8 BF 5E 83 EC BE .....e......^...
0x2000062C  D7 B3 5D BF 72 AD A0 BF - F3 04 B5 BE 09 B8 D5 BE ..].r...........
0x2000063C  00 00 80 BF 15 EF 43 BE - 15 04 C2 3D D9 AB 17 BF ......C....=....
0x2000064C  00 00 00 00 D9 AB 17 3F - 15 04 C2 BD 15 EF 43 3E .......?......C>
0x2000065C  00 00 80 3F 09 B8 D5 3E - F3 04 B5 3E 72 AD A0 3F ...?...>...>r..?
0x2000066C  D7 B3 5D 3F 5E 83 EC 3E - B2 E4 A8 3F 8D 65 97 3F ..]?^..>...?.e.?
0x2000067C  00 00 00 3F 8D 65 97 3F - B2 E4 A8 3F 5E 83 EC 3E ...?.e.?...?^..>
0x2000068C  D7 B3 5D 3F 72 AD A0 3F - F3 04 B5 3E 09 B8 D5 3E ..]?r..?...>...>
0x2000069C  00 00 80 3F 15 EF 43 3E - 15 04 C2 BD D9 AB 17 3F ...?..C>.......?
0x200006AC  00 00 00 00 D9 AB 17 BF - 15 04 C2 3D 15 EF 43 BE ...........=..C.
0x200006BC  00 00 80 BF 09 B8 D5 BE - F3 04 B5 BE 72 AD A0 BF ............r...
0x200006CC  D7 B3 5D BF 5E 83 EC BE - B2 E4 A8 BF 8D 65 97 BF ..].^........e..
0x200006DC  00 00 00 BF 8D 65 97 BF - B2 E4 A8 BF 5E 83 EC BE .....e......^...
0x200006EC  D7 B3 5D BF 72 AD A0 BF - F3 04 B5 BE 09 B8 D5 BE ..].r...........
0x200006FC  00 00 80 BF 15 EF 43 BE - 15 04 C2 3D D9 AB 17 BF ......C....=....
0x2000070C  00 00 00 80 D9 AB 17 3F - 15 04 C2 BD 15 EF 43 3E .......?......C>
0x2000071C  00 00 80 3F 09 B8 D5 3E - F3 04 B5 3E 72 AD A0 3F ...?...>...>r..?
0x2000072C  D7 B3 5D 3F 5E 83 EC 3E - B2 E4 A8 3F 8D 65 97 3F ..]?^..>...?.e.?
0x2000073C  00 00 00 3F 8D 65 97 3F - B2 E4 A8 3F 5E 83 EC 3E ...?.e.?...?^..>
0x2000074C  D7 B3 5D 3F 72 AD A0 3F - F3 04 B5 3E 09 B8 D5 3E ..]?r..?...>...>
0x2000075C  00 00 80 3F 15 EF 43 3E - 15 04 C2 BD D9 AB 17 3F ...?..C>.......?
0x2000076C  00 00 00 80 D9 AB 17 BF - 15 04 C2 3D 15 EF 43 BE ...........=..C.
0x2000077C  00 00 80 BF 09 B8 D5 BE - F3 04 B5 BE 72 AD A0 BF ............r...
0x2000078C  D7 B3 5D BF 5E 83 EC BE - B2 E4 A8 BF 8D 65 97 BF ..].^........e..
0x2000079C  00 00 00 BF 8D 65 97 BF - B2 E4 A8 BF 5E 83 EC BE .....e......^...
0x200007AC  D7 B3 5D BF 72 AD A0 BF - F3 04 B5 BE 09 B8 D5 BE ..].r...........
0x200007BC  00 00 80 BF 15 EF 43 BE - 15 04 C2 3D D9 AB 17 BF ......C....=....
0x200007CC  00 00 00 00 D9 AB 17 3F - 15 04 C2 BD 15 EF 43 3E .......?......C>
0x200007DC  00 00 80 3F 09 B8 D5 3E - F3 04 B5 3E 72 AD A0 3F ...?...>...>r..?
0x200007EC  D7 B3 5D 3F 5E 83 EC 3E - B2 E4 A8 3F 8D 65 97 3F ..]?^..>...?.e.?
0x200007FC  00 00 00 3F 8D 65 97 3F - B2 E4 A8 3F 5E 83 EC 3E ...?.e.?...?^..>
0x2000080C  D7 B3 5D 3F 72 AD A0 3F - F3 04 B5 3E 09 B8 D5 3E ..]?r..?...>...>
0x2000081C  00 00 80 3F 15 EF 43 3E - 15 04 C2 BD D9 AB 17 3F ...?..C>.......?
0x2000082C  00 00 00 00 D9 AB 17 BF - 15 04 C2 3D 15 EF 43 BE ...........=..C.
0x2000083C  00 00 80 BF 09 B8 D5 BE - F3 04 B5 BE 72 AD A0 BF ............r...
0x2000084C  D7 B3 5D BF 5E 83 EC BE - B2 E4 A8 BF 8D 65 97 BF ..].^........e..
0x2000085C  00 00 00 BF 8D 65 97 BF - B2 E4 A8 BF 5E 83 EC BE .....e......^...
0x2000086C  D7 B3 5D BF 72 AD A0 BF - F3 04 B5 BE 09 B8 D5 BE ..].r...........
0x2000087C  00 00 80 BF 15 EF 43 BE - 15 04 C2 3D D9 AB 17 BF ......C....=....
0x2000088C  00 00 00 80 D9 AB 17 3F - 15 04 C2 BD 15 EF 43 3E .......?......C>
0x2000089C  00 00 80 3F 09 B8 D5 3E - F3 04 B5 3E 72 AD A0 3F ...?...>...>r..?
0x200008AC  D7 B3 5D 3F 5E 83 EC 3E - B2 E4 A8 3F 8D 65 97 3F ..]?^..>...?.e.?
0x200008BC  00 00 00 3F 8D 65 97 3F - B2 E4 A8 3F 5E 83 EC 3E ...?.e.?...?^..>
0x200008CC  D7 B3 5D 3F 72 AD A0 3F - F3 04 B5 3E 09 B8 D5 3E ..]?r..?...>...>
0x200008DC  00 00 80 3F 15 EF 43 3E - 15 04 C2 BD D9 AB 17 3F ...?..C>.......?
0x200008EC  00 00 00 00 D9 AB 17 BF - 15 04 C2 3D 15 EF 43 BE ...........=..C.
0x200008FC  00 00 80 BF 09 B8 D5 BE - F3 04 B5 BE 72 AD A0 BF ............r...
0x2000090C  D7 B3 5D BF 5E 83 EC BE - B2 E4 A8 BF 8D 65 97 BF ..].^........e..
0x2000091C  00 00 00 BF 8D 65 97 BF - B2 E4 A8 BF 5E 83 EC BE .....e......^...
0x2000092C  D7 B3 5D BF 72 AD A0 BF - F3 04 B5 BE 09 B8 D5 BE ..].r...........
0x2000093C  00 00 80 BF 15 EF 43 BE - 15 04 C2 3D D9 AB 17 BF ......C....=....
0x2000094C  00 00 00 80 D9 AB 17 3F - 15 04 C2 BD 15 EF 43 3E .......?......C>
0x2000095C  00 00 80 3F 09 B8 D5 3E - F3 04 B5 3E 72 AD A0 3F ...?...>...>r..?
0x2000096C  D7 B3 5D 3F 5E 83 EC 3E - B2 E4 A8 3F 8D 65 97 3F ..]?^..>...?.e.?
0x2000097C  00 00 00 3F 8D 65 97 3F - B2 E4 A8 3F 5E 83 EC 3E ...?.e.?...?^..>
0x2000098C  D7 B3 5D 3F 72 AD A0 3F - F3 04 B5 3E 09 B8 D5 3E ..]?r..?...>...>
0x2000099C  00 00 80 3F 15 EF 43 3E - 15 04 C2 BD D9 AB 17 3F ...?..C>.......?
0x200009AC  00 00 00 00 D9 AB 17 BF - 15 04 C2 3D 15 EF 43 BE ...........=..C.
0x200009BC  00 00 80 BF 09 B8 D5 BE - F3 04 B5 BE 72          ............r   
0x200007FC  00 00 00 3F 8D 65 97 3F - B2 E4 A8 3F 5E 83 EC 3E ...?.e.?...?^..>
0x2000080C  D7 B3 5D 3F 72 AD A0 3F - F3 04 B5 3E 09 B8 D5 3E ..]?r..?...>...>
0x2000081C  00 00 80 3F 15 EF 43 3E - 15 04 C2 BD D9 AB 17 3F ...?..C>.......?
0x2000082C  00 00 00 00 D9 AB 17 BF - 15 04 C2 3D 15 EF 43 BE ...........=..C.
0x2000083C  00 00 80 BF 09 B8 D5 BE - F3 04 B5 BE 72 AD A0 BF ............r...
0x2000084C  D7 B3 5D BF 5E 83 EC BE - B2 E4 A8 BF 8D 65 97 BF ..].^........e..
0x2000085C  00 00 00 BF 8D 65 97 BF - B2 E4 A8 BF 5E 83 EC BE .....e......^...
0x2000086C  D7 B3 5D BF 72 AD A0 BF - F3 04 B5 BE 09 B8 D5 BE ..].r...........
0x2000087C  00 00 80 BF 15 EF 43 BE - 15 04 C2 3D D9 AB 17 BF ......C....=....
0x2000088C  00 00 00 80 D9 AB 17 3F - 15 04 C2 BD 15 EF 43 3E .......?......C>
0x2000089C  00 00 80 3F 09 B8 D5 3E - F3 04 B5 3E 72 AD A0 3F ...?...>...>r..?
0x200008AC  D7 B3 5D 3F 5E 83 EC 3E - B2 E4 A8 3F 8D 65 97 3F ..]?^..>...?.e.?
0x200008BC  00 00 00 3F 8D 65 97 3F - B2 E4 A8 3F 5E 83 EC 3E ...?.e.?...?^..>
0x200008CC  D7 B3 5D 3F 72 AD A0 3F - F3 04 B5 3E 09 B8 D5 3E ..]?r..?...>...>
0x200008DC  00 00 80 3F 15 EF 43 3E - 15 04 C2 BD D9 AB 17 3F ...?..C>.......?
0x200008EC  00 00 00 00 D9 AB 17 BF - 15 04 C2 3D 15 EF 43 BE ...........=..C.
0x200008FC  00 00 80 BF 09 B8 D5 BE - F3 04 B5 BE 72 AD A0 BF ............r...
0x2000090C  D7 B3 5D BF 5E 83 EC BE - B2 E4 A8 BF 8D 65 97 BF ..].^........e..
0x2000091C  00 00 00 BF 8D 65 97 BF - B2 E4 A8 BF 5E 83 EC BE .....e......^...
0x2000092C  D7 B3 5D BF 72 AD A0 BF - F3 04 B5 BE 09 B8 D5 BE ..].r...........
0x2000093C  00 00 80 BF 15 EF 43 BE - 15 04 C2 3D D9 AB 17 BF ......C....=....
0x2000094C  00 00 00 80 D9 AB 17 3F - 15 04 C2 BD 15 EF 43 3E .......?......C>
0x2000095C  00 00 80 3F 09 B8 D5 3E - F3 04 B5 3E 72 AD A0 3F ...?...>...>r..?
0x2000096C  D7 B3 5D 3F 5E 83 EC 3E - B2 E4 A8 3F 8D 65 97 3F ..]?^..>...?.e.?
0x2000097C  00 00 00 3F 8D 65 97 3F - B2 E4 A8 3F 5E 83 EC 3E ...?.e.?...?^..>
0x2000098C  D7 B3 5D 3F 72 AD A0 3F - F3 04 B5 3E 09 B8 D5 3E ..]?r..?...>...>
0x2000099C  00 00 80 3F 15 EF 43 3E - 15 04 C2 BD D9 AB 17 3F ...?..C>.......?
0x200009AC  00 00 00 00 D9 AB 17 BF - 15 04 C2 3D 15 EF 43 BE ...........=..C.
0x200009BC  00 00 80 BF 09 B8 D5 BE - F3 04 B5 BE 72          ............r   
0x2000095C  00 00 80 3F 09 B8 D5 3E - F3 04 B5 3E 72 AD A0 3F ...?...>...>r..?
0x2000096C  D7 B3 5D 3F 5E 83 EC 3E - B2 E4 A8 3F 8D 65 97 3F ..]?^..>...?.e.?
0x2000097C  00 00 00 3F 8D 65 97 3F - B2 E4 A8 3F 5E 83 EC 3E ...?.e.?...?^..>
0x2000098C  D7 B3 5D 3F 72 AD A0 3F - F3 04 B5 3E 09 B8 D5 3E ..]?r..?...>...>
0x2000099C  00 00 80 3F 15 EF 43 3E - 15 04 C2 BD D9 AB 17 3F ...?..C>.......?
0x200009AC  00 00 00 00 D9 AB 17 BF - 15 04 C2 3D 15 EF 43 BE ...........=..C.
0x200009BC  00 00 80 BF 09 B8 D5 BE - F3 04 B5 BE 72          ............r   
0x200009AC  00 00 00 00 D9 AB 17 BF - 15 04 C2 3D 15 EF 43 BE ...........=..C.
0x200009BC  00 00 80 BF 09 B8 D5 BE - F3 04 B5 BE 72          ............r   
